info it worked if it ends with ok
verbose cli [ 'node', '/usr/local/bin/npm', 'install', '-g', 'coffee-script' ]
info using npm@1.1.1
info using node@v0.6.11
verbose config file /Users/oni/.npmrc
verbose config file /usr/local/etc/npmrc
verbose config file /usr/local/lib/node_modules/npm/npmrc
verbose cache add [ 'coffee-script', null ]
silly cache add: name, spec, args [ undefined, 'coffee-script', [ 'coffee-script', null ] ]
verbose parsed url { pathname: 'coffee-script',
verbose parsed url   path: 'coffee-script',
verbose parsed url   href: 'coffee-script' }
verbose addNamed [ 'coffee-script', '' ]
verbose addNamed [ null, '' ]
silly name, range, hasData [ 'coffee-script', '', false ]
verbose raw, before any munging coffee-script
verbose url resolving [ 'https://registry.npmjs.org/', './coffee-script' ]
verbose url resolved https://registry.npmjs.org/coffee-script
http GET https://registry.npmjs.org/coffee-script
http 200 https://registry.npmjs.org/coffee-script
silly get cb [ 200,
silly get cb   { vary: 'Accept',
silly get cb     server: 'CouchDB/1.1.0 (Erlang OTP/R14B04)',
silly get cb     etag: '"4VB35OYCSMYRCHATPZZNSYMHO"',
silly get cb     date: 'Fri, 24 Feb 2012 11:29:02 GMT',
silly get cb     'content-type': 'application/json',
silly get cb     'content-length': '13366' } ]
verbose mkdir (expected) error ENOENT, no such file or directory '/Users/oni/.npm/coffee-script'
verbose mkdir done: /Users/oni/.npm/coffee-script 755
silly name, range, hasData 2 [ 'coffee-script', '', true ]
silly versions [ 'coffee-script',
silly versions   [ '0.7.0',
silly versions     '0.7.1',
silly versions     '0.7.2',
silly versions     '0.9.0',
silly versions     '0.9.1',
silly versions     '0.9.2',
silly versions     '0.9.3',
silly versions     '0.9.4',
silly versions     '0.9.5',
silly versions     '0.9.6',
silly versions     '1.0.0',
silly versions     '1.0.1',
silly versions     '1.1.0',
silly versions     '1.1.1',
silly versions     '1.1.2',
silly versions     '1.1.3',
silly versions     '1.2.0' ] ]
verbose bin dist [ '0.6-ares1.7.5-DEV-evundefined-openssl0.9.8r-v83.6.6.20-darwin-ia32-11.3.0',
verbose bin dist   { shasum: 'b5e61e55f1ca8c4a9eb87d53aa0657ea43125b91',
verbose bin dist     tarball: 'http://registry.npmjs.org/coffee-script/-/coffee-script-1.2.0.tgz' } ]
verbose addRemoteTarball [ 'https://registry.npmjs.org/coffee-script/-/coffee-script-1.2.0.tgz',
verbose addRemoteTarball   'b5e61e55f1ca8c4a9eb87d53aa0657ea43125b91' ]
verbose mkdir (expected) error ENOENT, no such file or directory '/var/folders/qc/4y9670ys34ncpx5p4_86chb40000gn/T/npm-1330082942503'
verbose mkdir (expected) error ENOENT, no such file or directory '/var/folders/qc/4y9670ys34ncpx5p4_86chb40000gn/T/npm-1330082942503/1330082942503-0.0963555749040097'
verbose mkdir done: /var/folders/qc/4y9670ys34ncpx5p4_86chb40000gn/T/npm-1330082942503/1330082942503-0.0963555749040097 755
verbose fetch to /var/folders/qc/4y9670ys34ncpx5p4_86chb40000gn/T/npm-1330082942503/1330082942503-0.0963555749040097/tmp.tgz
http GET https://registry.npmjs.org/coffee-script/-/coffee-script-1.2.0.tgz
http 200 https://registry.npmjs.org/coffee-script/-/coffee-script-1.2.0.tgz
silly updated sha bytes 40960
silly updated sha bytes 30720
info shasum b5e61e55f1ca8c4a9eb87d53aa0657ea43125b91
info shasum /var/folders/qc/4y9670ys34ncpx5p4_86chb40000gn/T/npm-1330082942503/1330082942503-0.0963555749040097/tmp.tgz
verbose mkdir (expected) error ENOENT, no such file or directory '/var/folders/qc/4y9670ys34ncpx5p4_86chb40000gn/T/npm-1330082942503/1330082942503-0.0963555749040097/___package.npm'
verbose mkdir done: /var/folders/qc/4y9670ys34ncpx5p4_86chb40000gn/T/npm-1330082942503/1330082942503-0.0963555749040097/___package.npm 755
verbose unpack_ uid, gid [ undefined, undefined ]
verbose unpackTarget /var/folders/qc/4y9670ys34ncpx5p4_86chb40000gn/T/npm-1330082942503/1330082942503-0.0963555749040097/package
silly gunzTarPerm modes [ '755', '644' ]
silly afterUntar undefined
silly asyncMap in gTP /var/folders/qc/4y9670ys34ncpx5p4_86chb40000gn/T/npm-1330082942503/1330082942503-0.0963555749040097/___package.npm/package
silly asyncMap in gTP /var/folders/qc/4y9670ys34ncpx5p4_86chb40000gn/T/npm-1330082942503/1330082942503-0.0963555749040097/___package.npm/package/.npmignore
silly asyncMap in gTP /var/folders/qc/4y9670ys34ncpx5p4_86chb40000gn/T/npm-1330082942503/1330082942503-0.0963555749040097/___package.npm/package/LICENSE
silly asyncMap in gTP /var/folders/qc/4y9670ys34ncpx5p4_86chb40000gn/T/npm-1330082942503/1330082942503-0.0963555749040097/___package.npm/package/package.json
silly asyncMap in gTP /var/folders/qc/4y9670ys34ncpx5p4_86chb40000gn/T/npm-1330082942503/1330082942503-0.0963555749040097/___package.npm/package/Rakefile
silly asyncMap in gTP /var/folders/qc/4y9670ys34ncpx5p4_86chb40000gn/T/npm-1330082942503/1330082942503-0.0963555749040097/___package.npm/package/README
silly asyncMap in gTP /var/folders/qc/4y9670ys34ncpx5p4_86chb40000gn/T/npm-1330082942503/1330082942503-0.0963555749040097/___package.npm/package/bin
silly asyncMap in gTP /var/folders/qc/4y9670ys34ncpx5p4_86chb40000gn/T/npm-1330082942503/1330082942503-0.0963555749040097/___package.npm/package/bin/cake
silly asyncMap in gTP /var/folders/qc/4y9670ys34ncpx5p4_86chb40000gn/T/npm-1330082942503/1330082942503-0.0963555749040097/___package.npm/package/bin/coffee
silly asyncMap in gTP /var/folders/qc/4y9670ys34ncpx5p4_86chb40000gn/T/npm-1330082942503/1330082942503-0.0963555749040097/___package.npm/package/extras
silly asyncMap in gTP /var/folders/qc/4y9670ys34ncpx5p4_86chb40000gn/T/npm-1330082942503/1330082942503-0.0963555749040097/___package.npm/package/extras/jsl.conf
silly asyncMap in gTP /var/folders/qc/4y9670ys34ncpx5p4_86chb40000gn/T/npm-1330082942503/1330082942503-0.0963555749040097/___package.npm/package/lib
silly asyncMap in gTP /var/folders/qc/4y9670ys34ncpx5p4_86chb40000gn/T/npm-1330082942503/1330082942503-0.0963555749040097/___package.npm/package/lib/coffee-script
silly asyncMap in gTP /var/folders/qc/4y9670ys34ncpx5p4_86chb40000gn/T/npm-1330082942503/1330082942503-0.0963555749040097/___package.npm/package/lib/coffee-script/browser.js
silly asyncMap in gTP /var/folders/qc/4y9670ys34ncpx5p4_86chb40000gn/T/npm-1330082942503/1330082942503-0.0963555749040097/___package.npm/package/lib/coffee-script/cake.js
silly asyncMap in gTP /var/folders/qc/4y9670ys34ncpx5p4_86chb40000gn/T/npm-1330082942503/1330082942503-0.0963555749040097/___package.npm/package/lib/coffee-script/coffee-script.js
silly asyncMap in gTP /var/folders/qc/4y9670ys34ncpx5p4_86chb40000gn/T/npm-1330082942503/1330082942503-0.0963555749040097/___package.npm/package/lib/coffee-script/command.js
silly asyncMap in gTP /var/folders/qc/4y9670ys34ncpx5p4_86chb40000gn/T/npm-1330082942503/1330082942503-0.0963555749040097/___package.npm/package/lib/coffee-script/grammar.js
silly asyncMap in gTP /var/folders/qc/4y9670ys34ncpx5p4_86chb40000gn/T/npm-1330082942503/1330082942503-0.0963555749040097/___package.npm/package/lib/coffee-script/helpers.js
silly asyncMap in gTP /var/folders/qc/4y9670ys34ncpx5p4_86chb40000gn/T/npm-1330082942503/1330082942503-0.0963555749040097/___package.npm/package/lib/coffee-script/index.js
silly asyncMap in gTP /var/folders/qc/4y9670ys34ncpx5p4_86chb40000gn/T/npm-1330082942503/1330082942503-0.0963555749040097/___package.npm/package/lib/coffee-script/lexer.js
silly asyncMap in gTP /var/folders/qc/4y9670ys34ncpx5p4_86chb40000gn/T/npm-1330082942503/1330082942503-0.0963555749040097/___package.npm/package/lib/coffee-script/nodes.js
silly asyncMap in gTP /var/folders/qc/4y9670ys34ncpx5p4_86chb40000gn/T/npm-1330082942503/1330082942503-0.0963555749040097/___package.npm/package/lib/coffee-script/optparse.js
silly asyncMap in gTP /var/folders/qc/4y9670ys34ncpx5p4_86chb40000gn/T/npm-1330082942503/1330082942503-0.0963555749040097/___package.npm/package/lib/coffee-script/parser.js
silly asyncMap in gTP /var/folders/qc/4y9670ys34ncpx5p4_86chb40000gn/T/npm-1330082942503/1330082942503-0.0963555749040097/___package.npm/package/lib/coffee-script/repl.js
silly asyncMap in gTP /var/folders/qc/4y9670ys34ncpx5p4_86chb40000gn/T/npm-1330082942503/1330082942503-0.0963555749040097/___package.npm/package/lib/coffee-script/rewriter.js
silly asyncMap in gTP /var/folders/qc/4y9670ys34ncpx5p4_86chb40000gn/T/npm-1330082942503/1330082942503-0.0963555749040097/___package.npm/package/lib/coffee-script/scope.js
verbose gunzed /var/folders/qc/4y9670ys34ncpx5p4_86chb40000gn/T/npm-1330082942503/1330082942503-0.0963555749040097/___package.npm/package
verbose rm'ed /var/folders/qc/4y9670ys34ncpx5p4_86chb40000gn/T/npm-1330082942503/1330082942503-0.0963555749040097/package
verbose renamed [ '/var/folders/qc/4y9670ys34ncpx5p4_86chb40000gn/T/npm-1330082942503/1330082942503-0.0963555749040097/___package.npm/package',
verbose renamed   '/var/folders/qc/4y9670ys34ncpx5p4_86chb40000gn/T/npm-1330082942503/1330082942503-0.0963555749040097/package' ]
verbose caching /var/folders/qc/4y9670ys34ncpx5p4_86chb40000gn/T/npm-1330082942503/1330082942503-0.0963555749040097/package/package.json
verbose loadDefaults coffee-script@1.2.0
verbose tarball contents [ 'package', 'tmp.tgz' ]
verbose from cache /var/folders/qc/4y9670ys34ncpx5p4_86chb40000gn/T/npm-1330082942503/1330082942503-0.0963555749040097/package/package.json
verbose pack /var/folders/qc/4y9670ys34ncpx5p4_86chb40000gn/T/npm-1330082942503/1330082942503-0.0963555749040097/package
verbose pack /var/folders/qc/4y9670ys34ncpx5p4_86chb40000gn/T/npm-1330082942503/1330082942503-0.0963555749040097/package /Users/oni/.npm/coffee-script/1.2.0/package.tgz
silly makeList /var/folders/qc/4y9670ys34ncpx5p4_86chb40000gn/T/npm-1330082942503/1330082942503-0.0963555749040097/package
silly dir, dirLen [ '/var/folders/qc/4y9670ys34ncpx5p4_86chb40000gn/T/npm-1330082942503/1330082942503-0.0963555749040097/package',
silly dir, dirLen   108 ]
verbose tarball /Users/oni/.npm/coffee-script/1.2.0/package.tgz
verbose parent /var/folders/qc/4y9670ys34ncpx5p4_86chb40000gn/T/npm-1330082942503/1330082942503-0.0963555749040097/package
verbose mkdir (expected) error ENOENT, no such file or directory '/Users/oni/.npm/coffee-script/1.2.0/___package.npm'
verbose mkdir done: /Users/oni/.npm/coffee-script/1.2.0/___package.npm 755
verbose unpack_ uid, gid [ undefined, undefined ]
verbose unpackTarget /Users/oni/.npm/coffee-script/1.2.0/package
silly gunzTarPerm modes [ '755', '644' ]
silly afterUntar undefined
silly asyncMap in gTP /Users/oni/.npm/coffee-script/1.2.0/___package.npm/package
silly asyncMap in gTP /Users/oni/.npm/coffee-script/1.2.0/___package.npm/package/.npmignore
silly asyncMap in gTP /Users/oni/.npm/coffee-script/1.2.0/___package.npm/package/LICENSE
silly asyncMap in gTP /Users/oni/.npm/coffee-script/1.2.0/___package.npm/package/package.json
silly asyncMap in gTP /Users/oni/.npm/coffee-script/1.2.0/___package.npm/package/Rakefile
silly asyncMap in gTP /Users/oni/.npm/coffee-script/1.2.0/___package.npm/package/README
silly asyncMap in gTP /Users/oni/.npm/coffee-script/1.2.0/___package.npm/package/bin
silly asyncMap in gTP /Users/oni/.npm/coffee-script/1.2.0/___package.npm/package/bin/cake
silly asyncMap in gTP /Users/oni/.npm/coffee-script/1.2.0/___package.npm/package/bin/coffee
silly asyncMap in gTP /Users/oni/.npm/coffee-script/1.2.0/___package.npm/package/extras
silly asyncMap in gTP /Users/oni/.npm/coffee-script/1.2.0/___package.npm/package/extras/jsl.conf
silly asyncMap in gTP /Users/oni/.npm/coffee-script/1.2.0/___package.npm/package/lib
silly asyncMap in gTP /Users/oni/.npm/coffee-script/1.2.0/___package.npm/package/lib/coffee-script
silly asyncMap in gTP /Users/oni/.npm/coffee-script/1.2.0/___package.npm/package/lib/coffee-script/browser.js
silly asyncMap in gTP /Users/oni/.npm/coffee-script/1.2.0/___package.npm/package/lib/coffee-script/cake.js
silly asyncMap in gTP /Users/oni/.npm/coffee-script/1.2.0/___package.npm/package/lib/coffee-script/coffee-script.js
silly asyncMap in gTP /Users/oni/.npm/coffee-script/1.2.0/___package.npm/package/lib/coffee-script/command.js
silly asyncMap in gTP /Users/oni/.npm/coffee-script/1.2.0/___package.npm/package/lib/coffee-script/grammar.js
silly asyncMap in gTP /Users/oni/.npm/coffee-script/1.2.0/___package.npm/package/lib/coffee-script/helpers.js
silly asyncMap in gTP /Users/oni/.npm/coffee-script/1.2.0/___package.npm/package/lib/coffee-script/index.js
silly asyncMap in gTP /Users/oni/.npm/coffee-script/1.2.0/___package.npm/package/lib/coffee-script/lexer.js
silly asyncMap in gTP /Users/oni/.npm/coffee-script/1.2.0/___package.npm/package/lib/coffee-script/nodes.js
silly asyncMap in gTP /Users/oni/.npm/coffee-script/1.2.0/___package.npm/package/lib/coffee-script/optparse.js
silly asyncMap in gTP /Users/oni/.npm/coffee-script/1.2.0/___package.npm/package/lib/coffee-script/parser.js
silly asyncMap in gTP /Users/oni/.npm/coffee-script/1.2.0/___package.npm/package/lib/coffee-script/repl.js
silly asyncMap in gTP /Users/oni/.npm/coffee-script/1.2.0/___package.npm/package/lib/coffee-script/rewriter.js
silly asyncMap in gTP /Users/oni/.npm/coffee-script/1.2.0/___package.npm/package/lib/coffee-script/scope.js
verbose gunzed /Users/oni/.npm/coffee-script/1.2.0/___package.npm/package
verbose rm'ed /Users/oni/.npm/coffee-script/1.2.0/package
verbose renamed [ '/Users/oni/.npm/coffee-script/1.2.0/___package.npm/package',
verbose renamed   '/Users/oni/.npm/coffee-script/1.2.0/package' ]
verbose caching /Users/oni/.npm/coffee-script/1.2.0/package/package.json
verbose loadDefaults coffee-script@1.2.0
silly updated sha bytes 40960
silly updated sha bytes 23003
info shasum d7cae7e53440087de34b13daab9ec709c8ccdf46
info shasum /Users/oni/.npm/coffee-script/1.2.0/package.tgz
verbose from cache /Users/oni/.npm/coffee-script/1.2.0/package/package.json
verbose chmod /Users/oni/.npm/coffee-script/1.2.0/package.tgz 644
verbose chown [ '/Users/oni/.npm/coffee-script/1.2.0/package.tgz', 501, 20 ]
silly resolved [ { name: 'coffee-script',
silly resolved     description: 'Unfancy JavaScript',
silly resolved     keywords: [ 'javascript', 'language', 'coffeescript', 'compiler' ],
silly resolved     author: { name: 'Jeremy Ashkenas' },
silly resolved     version: '1.2.0',
silly resolved     licenses: 
silly resolved      [ { type: 'MIT',
silly resolved          url: 'http://github.com/jashkenas/coffee-script/raw/master/LICENSE' } ],
silly resolved     engines: { node: '>=0.4.0' },
silly resolved     directories: { lib: './lib/coffee-script' },
silly resolved     main: './lib/coffee-script/coffee-script',
silly resolved     bin: { coffee: './bin/coffee', cake: './bin/cake' },
silly resolved     homepage: 'http://coffeescript.org',
silly resolved     repository: 
silly resolved      { type: 'git',
silly resolved        url: 'git://github.com/jashkenas/coffee-script.git' },
silly resolved     devDependencies: { 'uglify-js': '>=1.0.0', jison: '>=0.2.0' },
silly resolved     _id: 'coffee-script@1.2.0',
silly resolved     dependencies: {},
silly resolved     optionalDependencies: {},
silly resolved     _engineSupported: true,
silly resolved     _npmVersion: '1.1.1',
silly resolved     _nodeVersion: 'v0.6.11',
silly resolved     _defaultsLoaded: true,
silly resolved     dist: { shasum: 'd7cae7e53440087de34b13daab9ec709c8ccdf46' } } ]
info into /usr/local/lib coffee-script@1.2.0
info installOne coffee-script@1.2.0
info unbuild /usr/local/lib/node_modules/coffee-script
verbose from cache /Users/oni/.npm/coffee-script/1.2.0/package/package.json
verbose mkdir (expected) error ENOENT, no such file or directory '/usr/local/lib/node_modules/___coffee-script.npm'
verbose unpack_ uid, gid [ undefined, undefined ]
verbose unpackTarget /usr/local/lib/node_modules/coffee-script
ERR! Could not create /usr/local/lib/node_modules/___coffee-script.npm
ERR! error installing coffee-script@1.2.0
info unbuild /usr/local/lib/node_modules/coffee-script
verbose installOne cb coffee-script@1.2.0
ERR! Error: EACCES, permission denied '/usr/local/lib/node_modules/___coffee-script.npm'
ERR! 
ERR! Please try running this command again as root/Administrator.
ERR! 
ERR! System Darwin 11.3.0
ERR! command "node" "/usr/local/bin/npm" "install" "-g" "coffee-script"
ERR! cwd /Users/oni/Projects/Saito.js/js
ERR! node -v v0.6.11
ERR! npm -v 1.1.1
ERR! path /usr/local/lib/node_modules/___coffee-script.npm
ERR! code EACCES
ERR! message EACCES, permission denied '/usr/local/lib/node_modules/___coffee-script.npm'
ERR! errno {}
verbose exit [ 1, true ]
